<?xml version="1.0" encoding="UTF-8"?>
<!-- Generated by org.testng.reporters.JUnitReportReporter -->
<testsuite hostname="DESKTOP-S2JR911" failures="0" tests="1" name="com.app.theInternetHerokuapp.tests.InvalidPassword" time="5.915" errors="0" timestamp="2023-04-26T04:19:34 BDT" skipped="0">
  <testcase classname="com.app.theInternetHerokuapp.tests.InvalidPassword" name="invalidPassword" time="5.915"/>
  <system-out/>
</testsuite> <!-- com.app.theInternetHerokuapp.tests.InvalidPassword -->
