<?xml version="1.0" encoding="UTF-8"?>
<!-- Generated by org.testng.reporters.JUnitReportReporter -->
<testsuite hostname="DESKTOP-S2JR911" failures="0" tests="1" name="com.theinternetherokuapp.javaSelenium.testCases.formAuthentication.TestInvalidUsernamePassword" time="12.804" errors="0" timestamp="2023-04-15T07:23:54 BDT" skipped="0">
  <testcase classname="com.theinternetherokuapp.javaSelenium.testCases.formAuthentication.TestInvalidUsernamePassword" name="invalidUsernamePassword" time="12.804"/>
  <system-out/>
</testsuite> <!-- com.theinternetherokuapp.javaSelenium.testCases.formAuthentication.TestInvalidUsernamePassword -->
